Drill report for RPI.kicad_pcb
Created on 25/04/2023 4:21:52 PM

Copper Layer Stackup:
    =============================================================
    L1 :  F.Cu                      front
    L2 :  B.Cu                      back


Drill file 'RPI-PTH.drl' contains
    plated through holes:
    =============================================================
    T1  0.600mm  0.0236"  (14 holes)
    T2  0.800mm  0.0315"  (4 holes)
    T3  1.000mm  0.0394"  (57 holes)
    T4  1.100mm  0.0433"  (12 holes)
    T5  1.200mm  0.0472"  (2 holes)
    T6  1.900mm  0.0748"  (2 holes)
    T7  2.400mm  0.0945"  (6 holes)
    T8  2.524mm  0.0994"  (4 holes)

    Total plated holes count 101


Drill file 'RPI-NPTH.drl' contains
    unplated through holes:
    =============================================================
    T1  2.700mm  0.1063"  (4 holes)

    Total unplated holes count 4
